
.Def:LQW18AN43NG00_mod _netPORT1 _netPORT2 _ref
  .Def:LQW18AN43NG00 _ref _netPORT1 _netPORT2
  C:C1 _netPORT1 _netPORT2 C="1.11e-14"
  L:L2 _netPORT1 _net1 L="4.86e-08"
  R:R2 _net1 _netPORT2 R="0.24"
  R:R3 _netPORT1 _netPORT2 R="95400"
  L:L4 _netPORT1 _net2 L="4.97e-07"
  R:R4 _net2 _netPORT2 R="24.4"
  L:L5 _netPORT1 _net3 L="1.38e-06"
  R:R5 _net3 _netPORT2 R="888"
  L:L6 _netPORT1 _net4 L="2.79e-06"
  R:R6 _net4 _netPORT2 R="18700"
  L:L7 _netPORT1 _net5 L="3.23e-05"
  C:C7 _net5 _net6 C="2.5e-17"
  R:R7 _net6 _netPORT2 R="131000"
  L:L8 _netPORT1 _net7 L="7.13e-08"
  C:C8 _net7 _net8 C="3.96e-15"
  R:R8 _net8 _netPORT2 R="41.6"
  L:L9 _netPORT1 _net9 L="2.15e-08"
  C:C9 _net9 _net10 C="5.69e-15"
  R:R9 _net10 _netPORT2 R="842"
  L:L10 _netPORT1 _net11 L="1.38e-08"
  C:C10 _net11 _net12 C="5.98e-15"
  R:R10 _net12 _netPORT2 R="38.4"
  .Def:End
  Sub:X1 _ref _netPORT1 _netPORT2 Type="LQW18AN43NG00"
.Def:End

